This file contains any messages produced by compilers while
running configure, to aid debugging if configure makes a mistake.

It was created by LocTree3 configure 1.0.1, which was
generated by GNU Autoconf 2.69.  Invocation command line was

  $ ./configure --build=x86_64-linux-gnu --prefix=/usr --includedir=${prefix}/include --mandir=${prefix}/share/man --infodir=${prefix}/share/info --sysconfdir=/etc --localstatedir=/var --libexecdir=${prefix}/lib/loctree3 --disable-maintainer-mode --disable-dependency-tracking

## --------- ##
## Platform. ##
## --------- ##

hostname = n03.rostclust
uname -m = x86_64
uname -r = 3.2.0-4-amd64
uname -s = Linux
uname -v = #1 SMP Debian 3.2.46-1

/usr/bin/uname -p = unknown
/bin/uname -X     = unknown

/bin/arch              = unknown
/usr/bin/arch -k       = unknown
/usr/convex/getsysinfo = unknown
/usr/bin/hostinfo      = unknown
/bin/machine           = unknown
/usr/bin/oslevel       = unknown
/bin/universe          = unknown

PATH: /usr/sbin
PATH: /usr/bin
PATH: /sbin
PATH: /bin
PATH: /usr/bin/X11


## ----------- ##
## Core tests. ##
## ----------- ##

configure:1740: checking for a BSD-compatible install
configure:1808: result: /usr/bin/install -c
configure:1819: checking whether build environment is sane
configure:1869: result: yes
configure:2010: checking for a thread-safe mkdir -p
configure:2049: result: /bin/mkdir -p
configure:2062: checking for gawk
configure:2078: found /usr/bin/gawk
configure:2089: result: gawk
configure:2100: checking whether make sets $(MAKE)
configure:2122: result: yes
configure:2355: creating ./config.status

## ---------------------- ##
## Running config.status. ##
## ---------------------- ##

This file was extended by LocTree3 config.status 1.0.1, which was
generated by GNU Autoconf 2.69.  Invocation command line was

  CONFIG_FILES    = 
  CONFIG_HEADERS  = 
  CONFIG_LINKS    = 
  CONFIG_COMMANDS = 
  $ ./config.status 

on n03.rostclust

config.status:743: creating Makefile
config.status:743: creating data/Makefile
config.status:743: creating examples/Makefile
config.status:743: creating examples/arch/Makefile
config.status:743: creating examples/bact/Makefile
config.status:743: creating examples/euka/Makefile
configure:3375: WARNING: unrecognized options: --disable-maintainer-mode, --disable-dependency-tracking

## ---------------- ##
## Cache variables. ##
## ---------------- ##

ac_cv_env_build_alias_set=set
ac_cv_env_build_alias_value=x86_64-linux-gnu
ac_cv_env_host_alias_set=
ac_cv_env_host_alias_value=
ac_cv_env_target_alias_set=
ac_cv_env_target_alias_value=
ac_cv_path_install='/usr/bin/install -c'
ac_cv_path_mkdir=/bin/mkdir
ac_cv_prog_AWK=gawk
ac_cv_prog_make_make_set=yes

## ----------------- ##
## Output variables. ##
## ----------------- ##

ACLOCAL='${SHELL} /mnt/project/loctree3/package/trunk/missing --run aclocal-1.11'
AMTAR='$${TAR-tar}'
AUTOCONF='${SHELL} /mnt/project/loctree3/package/trunk/missing --run autoconf'
AUTOHEADER='${SHELL} /mnt/project/loctree3/package/trunk/missing --run autoheader'
AUTOMAKE='${SHELL} /mnt/project/loctree3/package/trunk/missing --run automake-1.11'
AWK='gawk'
CYGPATH_W='echo'
DEFS='-DPACKAGE_NAME=\"LocTree3\" -DPACKAGE_TARNAME=\"loctree3\" -DPACKAGE_VERSION=\"1.0.1\" -DPACKAGE_STRING=\"LocTree3\ 1.0.1\" -DPACKAGE_BUGREPORT=\"localization@rostlab.org\" -DPACKAGE_URL=\"\" -DPACKAGE=\"loctree3\" -DVERSION=\"1.0.1\"'
ECHO_C=''
ECHO_N='-n'
ECHO_T=''
INSTALL_DATA='${INSTALL} -m 644'
INSTALL_PROGRAM='${INSTALL}'
INSTALL_SCRIPT='${INSTALL}'
INSTALL_STRIP_PROGRAM='$(install_sh) -c -s'
LIBOBJS=''
LIBS=''
LTLIBOBJS=''
MAKEINFO='${SHELL} /mnt/project/loctree3/package/trunk/missing --run makeinfo'
MKDIR_P='/bin/mkdir -p'
PACKAGE='loctree3'
PACKAGE_BUGREPORT='localization@rostlab.org'
PACKAGE_NAME='LocTree3'
PACKAGE_STRING='LocTree3 1.0.1'
PACKAGE_TARNAME='loctree3'
PACKAGE_URL=''
PACKAGE_VERSION='1.0.1'
PATH_SEPARATOR=':'
SET_MAKE=''
SHELL='/bin/sh'
STRIP=''
VERSION='1.0.1'
am__isrc=''
am__leading_dot='.'
am__tar='$${TAR-tar} chof - "$$tardir"'
am__untar='$${TAR-tar} xf -'
bindir='${exec_prefix}/bin'
build_alias='x86_64-linux-gnu'
datadir='${datarootdir}'
datarootdir='${prefix}/share'
docdir='${datarootdir}/doc/${PACKAGE_TARNAME}'
dvidir='${docdir}'
exec_prefix='${prefix}'
host_alias=''
htmldir='${docdir}'
includedir='${prefix}/include'
infodir='${prefix}/share/info'
install_sh='${SHELL} /mnt/project/loctree3/package/trunk/install-sh'
libdir='${exec_prefix}/lib'
libexecdir='${prefix}/lib/loctree3'
localedir='${datarootdir}/locale'
localstatedir='/var'
mandir='${prefix}/share/man'
mkdir_p='/bin/mkdir -p'
oldincludedir='/usr/include'
pdfdir='${docdir}'
prefix='/usr'
program_transform_name='s,x,x,'
psdir='${docdir}'
sbindir='${exec_prefix}/sbin'
sharedstatedir='${prefix}/com'
sysconfdir='/etc'
target_alias=''

## ----------- ##
## confdefs.h. ##
## ----------- ##

/* confdefs.h */
#define PACKAGE_NAME "LocTree3"
#define PACKAGE_TARNAME "loctree3"
#define PACKAGE_VERSION "1.0.1"
#define PACKAGE_STRING "LocTree3 1.0.1"
#define PACKAGE_BUGREPORT "localization@rostlab.org"
#define PACKAGE_URL ""
#define PACKAGE "loctree3"
#define VERSION "1.0.1"

configure: exit 0

## ---------------------- ##
## Running config.status. ##
## ---------------------- ##

This file was extended by LocTree3 config.status 1.0.1, which was
generated by GNU Autoconf 2.69.  Invocation command line was

  CONFIG_FILES    = 
  CONFIG_HEADERS  = 
  CONFIG_LINKS    = 
  CONFIG_COMMANDS = 
  $ ./config.status data/Makefile

on n03.rostclust

config.status:743: creating data/Makefile
